0 info it worked if it ends with ok
1 verbose cli [ 'C:\\Program Files (x86)\\nodejs\\\\node.exe',
1 verbose cli   'C:\\Program Files (x86)\\nodejs\\node_modules\\npm\\bin\\npm-cli.js',
1 verbose cli   'i',
1 verbose cli   'gulp-...',
1 verbose cli   '--save-dev' ]
2 info using npm@1.4.28
3 info using node@v0.10.36
4 verbose node symlink C:\Program Files (x86)\nodejs\\node.exe
5 warn package.json PL_ConversorDeTemperaturas@0.0.1 No README data
6 verbose readDependencies using package.json deps
7 verbose cache add [ 'gulp-...', null ]
8 verbose cache add name=undefined spec="gulp-..." args=["gulp-...",null]
9 verbose parsed url { protocol: null,
9 verbose parsed url   slashes: null,
9 verbose parsed url   auth: null,
9 verbose parsed url   host: null,
9 verbose parsed url   port: null,
9 verbose parsed url   hostname: null,
9 verbose parsed url   hash: null,
9 verbose parsed url   search: null,
9 verbose parsed url   query: null,
9 verbose parsed url   pathname: 'gulp-...',
9 verbose parsed url   path: 'gulp-...',
9 verbose parsed url   href: 'gulp-...' }
10 silly lockFile 055a3cbd-gulp gulp-...
11 verbose lock gulp-... C:\Users\Sabato\AppData\Roaming\npm-cache\055a3cbd-gulp.lock
12 silly lockFile 055a3cbd-gulp gulp-...
13 silly lockFile 055a3cbd-gulp gulp-...
14 verbose addNamed [ 'gulp-...', '' ]
15 verbose addNamed [ null, '*' ]
16 silly lockFile fa072827-gulp gulp-...@
17 verbose lock gulp-...@ C:\Users\Sabato\AppData\Roaming\npm-cache\fa072827-gulp.lock
18 silly addNameRange { name: 'gulp-...', range: '*', hasData: false }
19 verbose request where is /gulp-...
20 verbose request registry https://registry.npmjs.org/
21 verbose request id 19ea72c868e99d62
22 verbose url raw /gulp-...
23 verbose url resolving [ 'https://registry.npmjs.org/', './gulp-...' ]
24 verbose url resolved https://registry.npmjs.org/gulp-...
25 verbose request where is https://registry.npmjs.org/gulp-...
26 info trying registry request attempt 1 at 22:05:46
27 http GET https://registry.npmjs.org/gulp-...
28 http 404 https://registry.npmjs.org/gulp-...
29 verbose headers { date: 'Wed, 11 Feb 2015 22:05:46 GMT',
29 verbose headers   server: 'CouchDB/1.5.0 (Erlang OTP/R16B03)',
29 verbose headers   'content-type': 'application/json',
29 verbose headers   'cache-control': 'max-age=0',
29 verbose headers   'content-length': '52',
29 verbose headers   'accept-ranges': 'bytes',
29 verbose headers   via: '1.1 varnish',
29 verbose headers   age: '0',
29 verbose headers   'x-served-by': 'cache-ams4147-AMS',
29 verbose headers   'x-cache': 'MISS',
29 verbose headers   'x-cache-hits': '0',
29 verbose headers   'x-timer': 'S1423692345.411149,VS0,VE643',
29 verbose headers   'keep-alive': 'timeout=10, max=50',
29 verbose headers   connection: 'Keep-Alive' }
30 silly registry.get cb [ 404,
30 silly registry.get   { date: 'Wed, 11 Feb 2015 22:05:46 GMT',
30 silly registry.get     server: 'CouchDB/1.5.0 (Erlang OTP/R16B03)',
30 silly registry.get     'content-type': 'application/json',
30 silly registry.get     'cache-control': 'max-age=0',
30 silly registry.get     'content-length': '52',
30 silly registry.get     'accept-ranges': 'bytes',
30 silly registry.get     via: '1.1 varnish',
30 silly registry.get     age: '0',
30 silly registry.get     'x-served-by': 'cache-ams4147-AMS',
30 silly registry.get     'x-cache': 'MISS',
30 silly registry.get     'x-cache-hits': '0',
30 silly registry.get     'x-timer': 'S1423692345.411149,VS0,VE643',
30 silly registry.get     'keep-alive': 'timeout=10, max=50',
30 silly registry.get     connection: 'Keep-Alive' } ]
31 silly lockFile fa072827-gulp gulp-...@
32 silly lockFile fa072827-gulp gulp-...@
33 error 404 404 Not Found: gulp-...
33 error 404
33 error 404 'gulp-...' is not in the npm registry.
33 error 404 You should bug the author to publish it
33 error 404 It was specified as a dependency of 'PL_ConversorDeTemperaturas'
33 error 404
33 error 404 Note that you can also install from a
33 error 404 tarball, folder, or http url, or git url.
34 error System Windows_NT 6.1.7601
35 error command "C:\\Program Files (x86)\\nodejs\\\\node.exe" "C:\\Program Files (x86)\\nodejs\\node_modules\\npm\\bin\\npm-cli.js" "i" "gulp-..." "--save-dev"
36 error cwd C:\Users\Sabato\Documents\GitHub\PL_practica1
37 error node -v v0.10.36
38 error npm -v 1.4.28
39 error code E404
40 verbose exit [ 1, true ]
